<?xml version="1.0" encoding="UTF-8"?>
<!-- Generated by org.testng.reporters.JUnitReportReporter -->
<testsuite hostname="DESKTOP-PB31PDC" failures="0" tests="1" name="com.Inetbanking.testCases.TC_LoginTest_001" time="25.372" errors="0" timestamp="01 Dec 2022 15:42:51 GMT" skipped="0">
  <testcase classname="com.Inetbanking.testCases.TC_LoginTest_001" name="loginTest" time="25.372"/>
</testsuite> <!-- com.Inetbanking.testCases.TC_LoginTest_001 -->
